[2025-11-17 00:32:47] Iniciando despliegue...
[2025-11-17 00:32:47] Clonando repositorio...
Clonando en '/var/www/clash-of-clan'...
[2025-11-17 00:32:47] Repositorio clonado
[2025-11-17 00:32:47] Reiniciando nginx...
Job for nginx.service failed because the control process exited with error code.
See "systemctl status nginx.service" and "journalctl -xeu nginx.service" for details.
[2025-11-17 00:32:47] ERROR: Fall칩 restart nginx
[2025-11-17 01:00:05] Iniciando despliegue...
[2025-11-17 01:00:05] Actualizando repositorio...
Ya est치 actualizado.
[2025-11-17 01:00:05] Repositorio actualizado
[2025-11-17 01:00:05] Reiniciando nginx...
[2025-11-17 01:00:05] nginx reiniciado OK
[2025-11-17 01:00:05] Despliegue COMPLETADO
[2025-11-17 01:15:04] Iniciando despliegue...
[2025-11-17 01:15:04] Actualizando repositorio...
Ya est치 actualizado.
[2025-11-17 01:15:04] Repositorio actualizado
[2025-11-17 01:15:04] Reiniciando nginx...
[2025-11-17 01:15:04] nginx reiniciado OK
[2025-11-17 01:15:04] Despliegue COMPLETADO
[2025-11-17 11:37:35] Iniciando despliegue...
[2025-11-17 11:37:35] Actualizando repositorio...
Ya est치 actualizado.
[2025-11-17 11:37:35] Repositorio actualizado
[2025-11-17 11:37:35] Reiniciando nginx...
[2025-11-17 11:37:35] nginx reiniciado OK
[2025-11-17 11:37:35] Despliegue COMPLETADO
